0it [00:00, ?it/s]ERROR SCRAPING LYRICS: string index out of range FOR URL: /wiki/Puff_Daddy:Say_What
ERROR SCRAPING LYRICS: string index out of range FOR URL: /wiki/Diddy:Do_You_Like_It..._Do_You_Want_It..._(Featuring_Jay-Z)
EXCEPTION AT URL: http://lyrics.wikia.com/wiki/Diddy-Dirty_Money:Last_Train_To_Paris_(2010)
EXCEPTION AT URL: http://lyrics.wikia.com/wiki/Ginuwine
EXCEPTION AT URL: http://lyrics.wikia.com/wiki/Twista
EXCEPTION AT URL: http://lyrics.wikia.com/wiki/Carl_Thomas
EXCEPTION AT URL: http://lyrics.wikia.com/wiki/Lil%27_Kim
EXCEPTION AT URL: http://lyrics.wikia.com/wiki/The_LOX
EXCEPTION AT URL: http://lyrics.wikia.com/wiki/The_LOX
EXCEPTION AT URL: http://lyrics.wikia.com/wiki/Busta_Rhymes
EXCEPTION AT URL: http://lyrics.wikia.com/wiki/The_Notorious_B.I.G.
EXCEPTION AT URL: http://lyrics.wikia.com/wiki/The_Notorious_B.I.G.
EXCEPTION AT URL: http://lyrics.wikia.com/wiki/Busta_Rhymes
EXCEPTION AT URL: http://lyrics.wikia.com/wiki/Lil%27_Kim
EXCEPTION AT URL: http://lyrics.wikia.com/wiki/Carl_Thomas
EXCEPTION AT URL: http://lyrics.wikia.com/wiki/Jay-Z
EXCEPTION AT URL: http://lyrics.wikia.com/wiki/The_Notorious_B.I.G.
EXCEPTION AT URL: http://lyrics.wikia.com/wiki/Black_Rob
EXCEPTION AT URL: http://lyrics.wikia.com/wiki/The_Notorious_B.I.G.
EXCEPTION AT URL: http://lyrics.wikia.com/wiki/Foxy_Brown
EXCEPTION AT URL: http://lyrics.wikia.com/wiki/Ma$e
EXCEPTION AT URL: http://lyrics.wikia.com/wiki/112
EXCEPTION AT URL: http://lyrics.wikia.com/wiki/Faith_Evans
EXCEPTION AT URL: http://lyrics.wikia.com/wiki/P._Diddy:I_Don%27t_Like_That_(Interlude)?action=edit&redlink=1
EXCEPTION AT URL: http://lyrics.wikia.com/wiki/P._Diddy:Toe_Game_(Interlude)?action=edit&redlink=1
EXCEPTION AT URL: http://lyrics.wikia.com/wiki/P._Diddy:Nothing%27s_Gonna_Stop_Me_Now_(Interlude)?action=edit&redlink=1
ERROR SCRAPING LYRICS: string index out of range FOR URL: /wiki/P._Diddy:Bad_Boy_For_Life_(Remix)
EXCEPTION AT URL: http://lyrics.wikia.com/wiki/P._Diddy:The_Remix_Phenomenon_(Interlude)?action=edit&redlink=1
EXCEPTION AT URL: http://lyrics.wikia.com/wiki/%D0%A2%D0%B8%D0%BC%D0%B0%D1%82%D0%B8
EXCEPTION AT URL: http://lyrics.wikia.com/wiki/Ne-Yo
EXCEPTION AT URL: http://lyrics.wikia.com/wiki/Raquel
EXCEPTION AT URL: http://lyrics.wikia.com/wiki/Gold_1
EXCEPTION AT URL: http://lyrics.wikia.com/wiki/Cassie
EXCEPTION AT URL: http://lyrics.wikia.com/wiki/Keri_Hilson
EXCEPTION AT URL: http://lyrics.wikia.com/wiki/Cee_Lo_Green
EXCEPTION AT URL: http://lyrics.wikia.com/wiki/Nas
EXCEPTION AT URL: http://lyrics.wikia.com/wiki/Mario_Winans
EXCEPTION AT URL: http://lyrics.wikia.com/wiki/Angela_Hunte
EXCEPTION AT URL: http://lyrics.wikia.com/wiki/Nicole_Scherzinger
EXCEPTION AT URL: http://lyrics.wikia.com/wiki/Christina_Aguilera
EXCEPTION AT URL: http://lyrics.wikia.com/wiki/Fergie
EXCEPTION AT URL: http://lyrics.wikia.com/wiki/Big_Boi
EXCEPTION AT URL: http://lyrics.wikia.com/wiki/Scar
EXCEPTION AT URL: http://lyrics.wikia.com/wiki/Ciara
EXCEPTION AT URL: http://lyrics.wikia.com/wiki/Timbaland
EXCEPTION AT URL: http://lyrics.wikia.com/wiki/Twista
EXCEPTION AT URL: http://lyrics.wikia.com/wiki/Shawnna
EXCEPTION AT URL: http://lyrics.wikia.com/wiki/Avant
EXCEPTION AT URL: http://lyrics.wikia.com/wiki/Brandy
EXCEPTION AT URL: http://lyrics.wikia.com/wiki/Pharrell_Williams
EXCEPTION AT URL: http://lyrics.wikia.com/wiki/Jamie_Foxx
EXCEPTION AT URL: http://lyrics.wikia.com/wiki/Mary_J._Blige
EXCEPTION AT URL: http://lyrics.wikia.com/wiki/Keyshia_Cole
1it [06:57, 417.85s/it]EXCEPTION AT URL: http://lyrics.wikia.com/wiki/Warren_G:They_Lovin%27_Me_Now?action=edit&redlink=1
EXCEPTION AT URL: http://lyrics.wikia.com/wiki/Warren_G:Intro_(The_Return_Of_The_Regulator)?action=edit&redlink=1
EXCEPTION AT URL: http://lyrics.wikia.com/wiki/Warren_G:Pump_Up_(Skit)?action=edit&redlink=1
EXCEPTION AT URL: http://lyrics.wikia.com/wiki/Warren_G:Deez_Nuts_Part_II_(Skit)?action=edit&redlink=1
EXCEPTION AT URL: http://lyrics.wikia.com/wiki/Warren_G:Outro?action=edit&redlink=1
ERROR SCRAPING LYRICS: string index out of range FOR URL: /wiki/Warren_G:Dollars_Make_Sense
ERROR SCRAPING LYRICS: string index out of range FOR URL: /wiki/Warren_G:We_Got_That
EXCEPTION AT URL: http://lyrics.wikia.com/wiki/TQ
EXCEPTION AT URL: http://lyrics.wikia.com/wiki/TQ:The_Second_Coming_(2000)
EXCEPTION AT URL: http://lyrics.wikia.com/wiki/Jermaine_Dupri:Life_In_1472_(1998)
EXCEPTION AT URL: http://lyrics.wikia.com/wiki/Jermaine_Dupri
EXCEPTION AT URL: http://lyrics.wikia.com/wiki/Warren_G:Garilla_Pimpin?action=edit&redlink=1
EXCEPTION AT URL: http://lyrics.wikia.com/wiki/Warren_G:In_The_Mid-Nite_Hour?action=edit&redlink=1
EXCEPTION AT URL: http://lyrics.wikia.com/wiki/Warren_G:Turn_It_Up_Loud?action=edit&redlink=1
EXCEPTION AT URL: http://lyrics.wikia.com/wiki/Warren_G:Yes_Sir?action=edit&redlink=1
EXCEPTION AT URL: http://lyrics.wikia.com/wiki/Warren_G:I_Like_It_There?action=edit&redlink=1
EXCEPTION AT URL: http://lyrics.wikia.com/wiki/Warren_G:All_I_Ask_Of_You?action=edit&redlink=1
EXCEPTION AT URL: http://lyrics.wikia.com/wiki/Warren_G:Ahh?action=edit&redlink=1
EXCEPTION AT URL: http://lyrics.wikia.com/wiki/Warren_G:On_My_Mind_(11:59_p.m.)?action=edit&redlink=1
EXCEPTION AT URL: http://lyrics.wikia.com/wiki/Warren_G:Intro_Shhhhh?action=edit&redlink=1
EXCEPTION AT URL: http://lyrics.wikia.com/wiki/Warren_G:In_Some_Case_Shit_Go_Down?action=edit&redlink=1
EXCEPTION AT URL: http://lyrics.wikia.com/wiki/Warren_G:Do_What_It_Do?action=edit&redlink=1
EXCEPTION AT URL: http://lyrics.wikia.com/wiki/Warren_G:A_Chronic_Break?action=edit&redlink=1
EXCEPTION AT URL: http://lyrics.wikia.com/wiki/Warren_G:PYT?action=edit&redlink=1
EXCEPTION AT URL: http://lyrics.wikia.com/wiki/Warren_G:Wheels_Keep_Spinning?action=edit&redlink=1
EXCEPTION AT URL: http://lyrics.wikia.com/wiki/Nate_Dogg
2it [10:06, 349.11s/it]EXCEPTION AT URL: http://lyrics.wikia.com/wiki/Ludacris
EXCEPTION AT URL: http://lyrics.wikia.com/wiki/Twista
EXCEPTION AT URL: http://lyrics.wikia.com/wiki/Timbaland_%26_Magoo
EXCEPTION AT URL: http://lyrics.wikia.com/wiki/Static_Major
EXCEPTION AT URL: http://lyrics.wikia.com/wiki/Kelly_Price
EXCEPTION AT URL: http://lyrics.wikia.com/wiki/Missy_Elliott
EXCEPTION AT URL: http://lyrics.wikia.com/wiki/Troy_Mitchell?action=edit&redlink=1
EXCEPTION AT URL: http://lyrics.wikia.com/wiki/Shirley_Bassey
EXCEPTION AT URL: http://lyrics.wikia.com/wiki/Skillz
EXCEPTION AT URL: http://lyrics.wikia.com/wiki/Nas
EXCEPTION AT URL: http://lyrics.wikia.com/wiki/Static_Major
EXCEPTION AT URL: http://lyrics.wikia.com/wiki/Timbaland_%26_Magoo
EXCEPTION AT URL: http://lyrics.wikia.com/wiki/Missy_Elliott
EXCEPTION AT URL: http://lyrics.wikia.com/wiki/Skillz
EXCEPTION AT URL: http://lyrics.wikia.com/wiki/Jay-Z
EXCEPTION AT URL: http://lyrics.wikia.com/wiki/Mocha
ERROR SCRAPING LYRICS: string index out of range FOR URL: /wiki/Mocha:What_Cha_Know_%27Bout_This
EXCEPTION AT URL: http://lyrics.wikia.com/wiki/1_Life_2_Live?action=edit&redlink=1
ERROR SCRAPING LYRICS: string index out of range FOR URL: /wiki/1_Life_2_Live:Can%27t_Nobody
EXCEPTION AT URL: http://lyrics.wikia.com/wiki/Static_Major
EXCEPTION AT URL: http://lyrics.wikia.com/wiki/Ginuwine
EXCEPTION AT URL: http://lyrics.wikia.com/wiki/Playa
EXCEPTION AT URL: http://lyrics.wikia.com/wiki/Missy_Elliott
EXCEPTION AT URL: http://lyrics.wikia.com/wiki/Aaliyah
EXCEPTION AT URL: http://lyrics.wikia.com/wiki/Esthero
EXCEPTION AT URL: http://lyrics.wikia.com/wiki/Jet
EXCEPTION AT URL: http://lyrics.wikia.com/wiki/Sebastian
EXCEPTION AT URL: http://lyrics.wikia.com/wiki/The_Fray
EXCEPTION AT URL: http://lyrics.wikia.com/wiki/Chris_Daughtry
EXCEPTION AT URL: http://lyrics.wikia.com/wiki/Brandy
EXCEPTION AT URL: http://lyrics.wikia.com/wiki/Justin_Timberlake
EXCEPTION AT URL: http://lyrics.wikia.com/wiki/JoJo
EXCEPTION AT URL: http://lyrics.wikia.com/wiki/Brandy
EXCEPTION AT URL: http://lyrics.wikia.com/wiki/Drake
EXCEPTION AT URL: http://lyrics.wikia.com/wiki/Attitude
EXCEPTION AT URL: http://lyrics.wikia.com/wiki/Sebastian
EXCEPTION AT URL: http://lyrics.wikia.com/wiki/Chad_Kroeger
EXCEPTION AT URL: http://lyrics.wikia.com/wiki/Miley_Cyrus
EXCEPTION AT URL: http://lyrics.wikia.com/wiki/Nelly_Furtado
EXCEPTION AT URL: http://lyrics.wikia.com/wiki/Katy_Perry
EXCEPTION AT URL: http://lyrics.wikia.com/wiki/Esthero
EXCEPTION AT URL: http://lyrics.wikia.com/wiki/OneRepublic
EXCEPTION AT URL: http://lyrics.wikia.com/wiki/Flo_Rida
EXCEPTION AT URL: http://lyrics.wikia.com/wiki/Justin_Timberlake
EXCEPTION AT URL: http://lyrics.wikia.com/wiki/Madonna
EXCEPTION AT URL: http://lyrics.wikia.com/wiki/Keri_Hilson
EXCEPTION AT URL: http://lyrics.wikia.com/wiki/Keri_Hilson
EXCEPTION AT URL: http://lyrics.wikia.com/wiki/Sebastian
EXCEPTION AT URL: http://lyrics.wikia.com/wiki/Money
EXCEPTION AT URL: http://lyrics.wikia.com/wiki/Keri_Hilson
EXCEPTION AT URL: http://lyrics.wikia.com/wiki/Nicole_Scherzinger
EXCEPTION AT URL: http://lyrics.wikia.com/wiki/The_Hives
EXCEPTION AT URL: http://lyrics.wikia.com/wiki/Elton_John
EXCEPTION AT URL: http://lyrics.wikia.com/wiki/Nelly_Furtado
EXCEPTION AT URL: http://lyrics.wikia.com/wiki/Justin_Timberlake
EXCEPTION AT URL: http://lyrics.wikia.com/wiki/Justin_Timberlake
EXCEPTION AT URL: http://lyrics.wikia.com/wiki/Keri_Hilson
EXCEPTION AT URL: http://lyrics.wikia.com/wiki/Dr._Dre
EXCEPTION AT URL: http://lyrics.wikia.com/wiki/Pussycat_Dolls
EXCEPTION AT URL: http://lyrics.wikia.com/wiki/Justin_Timberlake
EXCEPTION AT URL: http://lyrics.wikia.com/wiki/Missy_Elliott
EXCEPTION AT URL: http://lyrics.wikia.com/wiki/50_Cent
EXCEPTION AT URL: http://lyrics.wikia.com/wiki/Tony_Yayo
EXCEPTION AT URL: http://lyrics.wikia.com/wiki/Attitude
EXCEPTION AT URL: http://lyrics.wikia.com/wiki/Sebastian
EXCEPTION AT URL: http://lyrics.wikia.com/wiki/She_Wants_Revenge
EXCEPTION AT URL: http://lyrics.wikia.com/wiki/Nelly_Furtado
ERROR SCRAPING LYRICS: string index out of range FOR URL: /wiki/Nelly_Furtado:Promiscuous
EXCEPTION AT URL: http://lyrics.wikia.com/wiki/OneRepublic
EXCEPTION AT URL: http://lyrics.wikia.com/wiki/Fall_Out_Boy
EXCEPTION AT URL: http://lyrics.wikia.com/wiki/Step_Up_Revolution_(2012)
EXCEPTION AT URL: http://lyrics.wikia.com/wiki/Jay-Z
EXCEPTION AT URL: http://lyrics.wikia.com/wiki/James_Fauntleroy
EXCEPTION AT URL: http://lyrics.wikia.com/wiki/Drake
ERROR SCRAPING LYRICS: string index out of range FOR URL: /wiki/Timbaland:Come_Around
EXCEPTION AT URL: http://lyrics.wikia.com/wiki/Why_Do_Fools_Fall_In_Love_(1998)
EXCEPTION AT URL: http://lyrics.wikia.com/wiki/Missy_Elliott
EXCEPTION AT URL: http://lyrics.wikia.com/wiki/Destiny%27s_Child
EXCEPTION AT URL: http://lyrics.wikia.com/wiki/Why_Do_Fools_Fall_In_Love_(1998)
EXCEPTION AT URL: http://lyrics.wikia.com/wiki/Missy_Elliott
EXCEPTION AT URL: http://lyrics.wikia.com/wiki/%D0%A2%D0%B8%D0%BC%D0%B0%D1%82%D0%B8:Swagg_(2012)
EXCEPTION AT URL: http://lyrics.wikia.com/wiki/%D0%A2%D0%B8%D0%BC%D0%B0%D1%82%D0%B8
EXCEPTION AT URL: http://lyrics.wikia.com/wiki/Total
EXCEPTION AT URL: http://lyrics.wikia.com/wiki/Category:Genre/Hip_Hop
3it [15:14, 336.76s/it]EXCEPTION AT URL: http://lyrics.wikia.com/wiki/Rose_Royce
EXCEPTION AT URL: http://lyrics.wikia.com/wiki/Dr._Dre:First_Round_Knockout_Intro?action=edit&redlink=1
EXCEPTION AT URL: http://lyrics.wikia.com/wiki/Snoop_Dogg
EXCEPTION AT URL: http://lyrics.wikia.com/wiki/The_D.O.C.
EXCEPTION AT URL: http://lyrics.wikia.com/wiki/Dr._Dre:Requests?action=edit&redlink=1
EXCEPTION AT URL: http://lyrics.wikia.com/wiki/Kokane
EXCEPTION AT URL: http://lyrics.wikia.com/wiki/Jimmy_Z.
EXCEPTION AT URL: http://lyrics.wikia.com/wiki/Michel%27le
EXCEPTION AT URL: http://lyrics.wikia.com/wiki/Dr._Dre:Turn_Off_The_Lights?action=edit&redlink=1
EXCEPTION AT URL: http://lyrics.wikia.com/wiki/Dr._Dre:Indo_Freak?action=edit&redlink=1
EXCEPTION AT URL: http://lyrics.wikia.com/wiki/Dr._Dre:Who%27s_Phuckin%27_Who?action=edit&redlink=1
EXCEPTION AT URL: http://lyrics.wikia.com/wiki/Michel%27le
EXCEPTION AT URL: http://lyrics.wikia.com/wiki/Dr._Dre:It%27s_Not_Over?action=edit&redlink=1
EXCEPTION AT URL: http://lyrics.wikia.com/wiki/Dr._Dre:The_Sex_Is_On?action=edit&redlink=1
EXCEPTION AT URL: http://lyrics.wikia.com/wiki/Bushwick_Bill
EXCEPTION AT URL: http://lyrics.wikia.com/wiki/Emmage
EXCEPTION AT URL: http://lyrics.wikia.com/wiki/Kurupt
EXCEPTION AT URL: http://lyrics.wikia.com/wiki/Kurupt
EXCEPTION AT URL: http://lyrics.wikia.com/wiki/The_Lady_Of_Rage
EXCEPTION AT URL: http://lyrics.wikia.com/wiki/Snoop_Dogg
EXCEPTION AT URL: http://lyrics.wikia.com/wiki/RBX
EXCEPTION AT URL: http://lyrics.wikia.com/wiki/Snoop_Dogg
EXCEPTION AT URL: http://lyrics.wikia.com/wiki/Snoop_Dogg
EXCEPTION AT URL: http://lyrics.wikia.com/wiki/RBX
EXCEPTION AT URL: http://lyrics.wikia.com/wiki/RBX
EXCEPTION AT URL: http://lyrics.wikia.com/wiki/The_Lady_Of_Rage
EXCEPTION AT URL: http://lyrics.wikia.com/wiki/The_D.O.C.
EXCEPTION AT URL: http://lyrics.wikia.com/wiki/Snoop_Dogg
EXCEPTION AT URL: http://lyrics.wikia.com/wiki/Snoop_Dogg
EXCEPTION AT URL: http://lyrics.wikia.com/wiki/Snoop_Dogg
EXCEPTION AT URL: http://lyrics.wikia.com/wiki/Jewell
EXCEPTION AT URL: http://lyrics.wikia.com/wiki/RBX
EXCEPTION AT URL: http://lyrics.wikia.com/wiki/Snoop_Dogg
EXCEPTION AT URL: http://lyrics.wikia.com/wiki/Jewell
EXCEPTION AT URL: http://lyrics.wikia.com/wiki/Daz_Dillinger
EXCEPTION AT URL: http://lyrics.wikia.com/wiki/The_Lady_Of_Rage
EXCEPTION AT URL: http://lyrics.wikia.com/wiki/Jewell
EXCEPTION AT URL: http://lyrics.wikia.com/wiki/RBX
EXCEPTION AT URL: http://lyrics.wikia.com/wiki/Snoop_Dogg
EXCEPTION AT URL: http://lyrics.wikia.com/wiki/Daz_Dillinger
EXCEPTION AT URL: http://lyrics.wikia.com/wiki/Snoop_Dogg
EXCEPTION AT URL: http://lyrics.wikia.com/wiki/Snoop_Dogg
EXCEPTION AT URL: http://lyrics.wikia.com/wiki/Warren_G
EXCEPTION AT URL: http://lyrics.wikia.com/wiki/Nate_Dogg
EXCEPTION AT URL: http://lyrics.wikia.com/wiki/Daz_Dillinger
EXCEPTION AT URL: http://lyrics.wikia.com/wiki/Kurupt
EXCEPTION AT URL: http://lyrics.wikia.com/wiki/The_Lady_Of_Rage
EXCEPTION AT URL: http://lyrics.wikia.com/wiki/Daz_Dillinger
EXCEPTION AT URL: http://lyrics.wikia.com/wiki/RBX
EXCEPTION AT URL: http://lyrics.wikia.com/wiki/The_Lady_Of_Rage
EXCEPTION AT URL: http://lyrics.wikia.com/wiki/RBX
EXCEPTION AT URL: http://lyrics.wikia.com/wiki/Snoop_Dogg
EXCEPTION AT URL: http://lyrics.wikia.com/wiki/Mary_J._Blige
EXCEPTION AT URL: http://lyrics.wikia.com/wiki/Hittman
EXCEPTION AT URL: http://lyrics.wikia.com/wiki/Time_Bomb
EXCEPTION AT URL: http://lyrics.wikia.com/wiki/Kurupt
EXCEPTION AT URL: http://lyrics.wikia.com/wiki/King_T
EXCEPTION AT URL: http://lyrics.wikia.com/wiki/Hittman
EXCEPTION AT URL: http://lyrics.wikia.com/wiki/Knoc-Turn%27Al
EXCEPTION AT URL: http://lyrics.wikia.com/wiki/Snoop_Dogg
EXCEPTION AT URL: http://lyrics.wikia.com/wiki/Kurupt
EXCEPTION AT URL: http://lyrics.wikia.com/wiki/Nate_Dogg
EXCEPTION AT URL: http://lyrics.wikia.com/wiki/Hittman
EXCEPTION AT URL: http://lyrics.wikia.com/wiki/Eminem
EXCEPTION AT URL: http://lyrics.wikia.com/wiki/MC_Ren
EXCEPTION AT URL: http://lyrics.wikia.com/wiki/Kokane
EXCEPTION AT URL: http://lyrics.wikia.com/wiki/Hittman
EXCEPTION AT URL: http://ly